build/app/outputs/mapping/release/mapping.txt
# compiler: R8
# compiler_version: 1.5.64
# min_api: 16
# pg_map_id: eb6bba0
...
com.google.android.gms.internal.measurement.zzdc -> b.a.a.a.e.f.l2:
    java.lang.Object zza(java.lang.Object) -> a
com.google.android.gms.internal.measurement.zzdd -> b.a.a.a.e.f.m2:
    com.google.android.gms.internal.measurement.zzdd zza(java.lang.Object) -> a
    boolean zza() -> a
    java.lang.Object zzb() -> b
    com.google.android.gms.internal.measurement.zzdd zzc() -> c
com.google.android.gms.internal.measurement.zzde -> b.a.a.a.e.f.n2:
    java.lang.Object zza() -> f
com.google.android.gms.internal.measurement.zzdf -> b.a.a.a.e.f.o2:
    java.lang.Object zza -> a
    boolean zza() -> a
    java.lang.Object zzb() -> b
com.google.android.gms.internal.measurement.zzdg -> b.a.a.a.e.f.p2:
    com.google.android.gms.internal.measurement.zzde zza -> a
    java.lang.Object zzc -> c
    boolean zzb -> b
    java.lang.Object zza() -> f
com.google.android.gms.internal.measurement.zzdh -> b.a.a.a.e.f.q2:
    com.google.android.gms.internal.measurement.zzde zza(com.google.android.gms.internal.measurement.zzde) -> a
    com.google.android.gms.internal.measurement.zzde zza(java.lang.Object) -> a
com.google.android.gms.internal.measurement.zzdi -> b.a.a.a.e.f.r2:
    java.lang.Object zza -> a
    java.lang.Object zza() -> f
com.google.android.gms.internal.measurement.zzdj -> b.a.a.a.e.f.s2:
    com.google.android.gms.internal.measurement.zzde zza -> a
    java.lang.Object zzc -> c
    boolean zzb -> b
    java.lang.Object zza() -> f
com.google.android.gms.internal.measurement.zzdk -> b.a.a.a.e.f.t2:
    void zza(java.lang.Throwable,java.lang.Throwable) -> a
com.google.android.gms.internal.measurement.zzdl -> b.a.a.a.e.f.u2:
    com.google.android.gms.internal.measurement.zzdk zza -> a
    java.lang.Integer zza() -> a
    void zza(java.lang.Throwable,java.lang.Throwable) -> a
com.google.android.gms.internal.measurement.zzdl$zza -> b.a.a.a.e.f.u2$a:
    void zza(java.lang.Throwable,java.lang.Throwable) -> a
com.google.android.gms.internal.measurement.zzdm -> b.a.a.a.e.f.v2:
    int zza -> a
com.google.android.gms.internal.measurement.zzdn -> b.a.a.a.e.f.w2:
    java.util.concurrent.ConcurrentHashMap zza -> a
    java.lang.ref.ReferenceQueue zzb -> b
    java.util.List zza(java.lang.Throwable,boolean) -> a
com.google.android.gms.internal.measurement.zzdo -> b.a.a.a.e.f.x2:
    com.google.android.gms.internal.measurement.zzdn zza -> a
    void zza(java.lang.Throwable,java.lang.Throwable) -> a
com.google.android.gms.internal.measurement.zzdp -> b.a.a.a.e.f.y2:
    void zza(java.lang.Throwable,java.lang.Throwable) -> a
com.google.android.gms.internal.measurement.zzdq -> b.a.a.a.e.f.z2:
    void zza(java.lang.Iterable,java.util.List) -> a
    void zzc(int) -> a
    com.google.android.gms.internal.measurement.zzdz zzbh() -> c
    byte[] zzbi() -> f
    int zzbj() -> g
com.google.android.gms.internal.measurement.zzds -> b.a.a.a.e.f.a3:
    com.google.android.gms.internal.measurement.zzds zza(com.google.android.gms.internal.measurement.zzdq) -> a
    com.google.android.gms.internal.measurement.zzds zza(byte[],int,int) -> a
    com.google.android.gms.internal.measurement.zzds zza(byte[],int,int,com.google.android.gms.internal.measurement.zzev) -> a
    com.google.android.gms.internal.measurement.zzgs zza(com.google.android.gms.internal.measurement.zzgt) -> a
    com.google.android.gms.internal.measurement.zzgs zza(byte[]) -> a
    com.google.android.gms.internal.measurement.zzgs zza(byte[],com.google.android.gms.internal.measurement.zzev) -> a
com.google.android.gms.internal.measurement.zzdt -> b.a.a.a.e.f.b3:
    boolean zza -> a
    void zzc() -> a
    boolean zza() -> f
    void h_() -> p
com.google.android.gms.internal.measurement.zzdu -> b.a.a.a.e.f.c3: